108.01.11 23:15 B C:\work\cstservices\setup_web\images\1.jpg <-- cstservices.com /domains/cstservices.com/public_html/setup_web/images 1.jpg
108.01.11 23:15 B C:\work\cstservices\setup_web\images\111.jpg <-- cstservices.com /domains/cstservices.com/public_html/setup_web/images 111.jpg
108.01.11 23:15 B C:\work\cstservices\setup_web\images\112.jpg <-- cstservices.com /domains/cstservices.com/public_html/setup_web/images 112.jpg
108.01.11 23:15 B C:\work\cstservices\setup_web\images\113.jpg <-- cstservices.com /domains/cstservices.com/public_html/setup_web/images 113.jpg
108.01.11 23:15 B C:\work\cstservices\setup_web\images\114.jpg <-- cstservices.com /domains/cstservices.com/public_html/setup_web/images 114.jpg
108.01.11 23:15 B C:\work\cstservices\setup_web\images\115.jpg <-- cstservices.com /domains/cstservices.com/public_html/setup_web/images 115.jpg
108.01.11 23:15 B C:\work\cstservices\setup_web\images\116.jpg <-- cstservices.com /domains/cstservices.com/public_html/setup_web/images 116.jpg
108.01.11 23:15 B C:\work\cstservices\setup_web\images\117.jpg <-- cstservices.com /domains/cstservices.com/public_html/setup_web/images 117.jpg
108.01.11 23:15 B C:\work\cstservices\setup_web\images\118.jpg <-- cstservices.com /domains/cstservices.com/public_html/setup_web/images 118.jpg
108.01.11 23:15 B C:\work\cstservices\setup_web\images\119.jpg <-- cstservices.com /domains/cstservices.com/public_html/setup_web/images 119.jpg
108.01.11 23:15 B C:\work\cstservices\setup_web\images\120.jpg <-- cstservices.com /domains/cstservices.com/public_html/setup_web/images 120.jpg
108.01.11 23:15 B C:\work\cstservices\setup_web\images\121.jpg <-- cstservices.com /domains/cstservices.com/public_html/setup_web/images 121.jpg
108.01.11 23:15 B C:\work\cstservices\setup_web\images\122.jpg <-- cstservices.com /domains/cstservices.com/public_html/setup_web/images 122.jpg
108.01.11 23:15 B C:\work\cstservices\setup_web\images\123.jpg <-- cstservices.com /domains/cstservices.com/public_html/setup_web/images 123.jpg
108.01.11 23:15 B C:\work\cstservices\setup_web\images\124.jpg <-- cstservices.com /domains/cstservices.com/public_html/setup_web/images 124.jpg
108.01.11 23:15 B C:\work\cstservices\setup_web\images\125.jpg <-- cstservices.com /domains/cstservices.com/public_html/setup_web/images 125.jpg
108.01.11 23:15 B C:\work\cstservices\setup_web\images\126.jpg <-- cstservices.com /domains/cstservices.com/public_html/setup_web/images 126.jpg
108.01.11 23:15 B C:\work\cstservices\setup_web\images\127.jpg <-- cstservices.com /domains/cstservices.com/public_html/setup_web/images 127.jpg
108.01.11 23:15 B C:\work\cstservices\setup_web\images\3.jpg <-- cstservices.com /domains/cstservices.com/public_html/setup_web/images 3.jpg
108.01.11 23:15 B C:\work\cstservices\setup_web\images\b_drop.png <-- cstservices.com /domains/cstservices.com/public_html/setup_web/images b_drop.png
108.01.11 23:15 B C:\work\cstservices\setup_web\images\b_edit.png <-- cstservices.com /domains/cstservices.com/public_html/setup_web/images b_edit.png
108.01.11 23:15 B C:\work\cstservices\setup_web\images\dot.gif <-- cstservices.com /domains/cstservices.com/public_html/setup_web/images dot.gif
108.01.11 23:15 B C:\work\cstservices\setup_web\images\down.gif <-- cstservices.com /domains/cstservices.com/public_html/setup_web/images down.gif
108.01.11 23:15 B C:\work\cstservices\setup_web\images\ed_about.gif <-- cstservices.com /domains/cstservices.com/public_html/setup_web/images ed_about.gif
108.01.11 23:15 B C:\work\cstservices\setup_web\images\ed_align_center.gif <-- cstservices.com /domains/cstservices.com/public_html/setup_web/images ed_align_center.gif
108.01.11 23:15 B C:\work\cstservices\setup_web\images\ed_align_left.gif <-- cstservices.com /domains/cstservices.com/public_html/setup_web/images ed_align_left.gif
108.01.11 23:15 B C:\work\cstservices\setup_web\images\ed_align_right.gif <-- cstservices.com /domains/cstservices.com/public_html/setup_web/images ed_align_right.gif
108.01.11 23:15 B C:\work\cstservices\setup_web\images\ed_color_bg.gif <-- cstservices.com /domains/cstservices.com/public_html/setup_web/images ed_color_bg.gif
108.01.11 23:15 B C:\work\cstservices\setup_web\images\ed_format_bold.gif <-- cstservices.com /domains/cstservices.com/public_html/setup_web/images ed_format_bold.gif
108.01.11 23:15 B C:\work\cstservices\setup_web\images\ed_format_italic.gif <-- cstservices.com /domains/cstservices.com/public_html/setup_web/images ed_format_italic.gif
108.01.11 23:15 B C:\work\cstservices\setup_web\images\ed_format_underline.gif <-- cstservices.com /domains/cstservices.com/public_html/setup_web/images ed_format_underline.gif
108.01.11 23:16 B C:\work\cstservices\setup_web\images\ed_hr.gif <-- cstservices.com /domains/cstservices.com/public_html/setup_web/images ed_hr.gif
108.01.11 23:16 B C:\work\cstservices\setup_web\images\ed_html.gif <-- cstservices.com /domains/cstservices.com/public_html/setup_web/images ed_html.gif
108.01.11 23:16 B C:\work\cstservices\setup_web\images\ed_image.gif <-- cstservices.com /domains/cstservices.com/public_html/setup_web/images ed_image.gif
108.01.11 23:16 B C:\work\cstservices\setup_web\images\ed_indent_less.gif <-- cstservices.com /domains/cstservices.com/public_html/setup_web/images ed_indent_less.gif
108.01.11 23:16 B C:\work\cstservices\setup_web\images\ed_indent_more.gif <-- cstservices.com /domains/cstservices.com/public_html/setup_web/images ed_indent_more.gif
108.01.11 23:16 B C:\work\cstservices\setup_web\images\ed_link.gif <-- cstservices.com /domains/cstservices.com/public_html/setup_web/images ed_link.gif
108.01.11 23:16 B C:\work\cstservices\setup_web\images\ed_list_bullet.gif <-- cstservices.com /domains/cstservices.com/public_html/setup_web/images ed_list_bullet.gif
108.01.11 23:16 B C:\work\cstservices\setup_web\images\ed_list_num.gif <-- cstservices.com /domains/cstservices.com/public_html/setup_web/images ed_list_num.gif
108.01.11 23:16 B C:\work\cstservices\setup_web\images\fullscreen_maximize.gif <-- cstservices.com /domains/cstservices.com/public_html/setup_web/images fullscreen_maximize.gif
108.01.11 23:16 B C:\work\cstservices\setup_web\images\fullscreen_minimize.gif <-- cstservices.com /domains/cstservices.com/public_html/setup_web/images fullscreen_minimize.gif
108.01.11 23:16 B C:\work\cstservices\setup_web\images\insert_table.gif <-- cstservices.com /domains/cstservices.com/public_html/setup_web/images insert_table.gif
108.01.11 23:16 B C:\work\cstservices\setup_web\images\left.jpg <-- cstservices.com /domains/cstservices.com/public_html/setup_web/images left.jpg
108.01.11 23:16 B C:\work\cstservices\setup_web\images\logo_company.jpg <-- cstservices.com /domains/cstservices.com/public_html/setup_web/images logo_company.jpg
108.01.11 23:16 B C:\work\cstservices\setup_web\images\screen.jpg <-- cstservices.com /domains/cstservices.com/public_html/setup_web/images screen.jpg
108.01.11 23:16 B C:\work\cstservices\setup_web\images\Thumbs.db <-- cstservices.com /domains/cstservices.com/public_html/setup_web/images Thumbs.db
108.01.11 23:16 B C:\work\cstservices\setup_web\images\topbar_01.gif <-- cstservices.com /domains/cstservices.com/public_html/setup_web/images topbar_01.gif
108.01.11 23:16 B C:\work\cstservices\setup_web\images\topbar_01_under.gif <-- cstservices.com /domains/cstservices.com/public_html/setup_web/images topbar_01_under.gif
108.01.11 23:16 B C:\work\cstservices\setup_web\images\topbar_02.gif <-- cstservices.com /domains/cstservices.com/public_html/setup_web/images topbar_02.gif
108.01.11 23:16 B C:\work\cstservices\setup_web\images\topbar_02_under.gif <-- cstservices.com /domains/cstservices.com/public_html/setup_web/images topbar_02_under.gif
108.01.11 23:16 B C:\work\cstservices\setup_web\images\topbar_03.gif <-- cstservices.com /domains/cstservices.com/public_html/setup_web/images topbar_03.gif
108.01.11 23:16 B C:\work\cstservices\setup_web\images\topbar_04.gif <-- cstservices.com /domains/cstservices.com/public_html/setup_web/images topbar_04.gif
108.01.11 23:16 B C:\work\cstservices\setup_web\images\topbar_04_under.gif <-- cstservices.com /domains/cstservices.com/public_html/setup_web/images topbar_04_under.gif
108.01.11 23:16 B C:\work\cstservices\setup_web\images\topbar_1_01.gif <-- cstservices.com /domains/cstservices.com/public_html/setup_web/images topbar_1_01.gif
108.01.11 23:16 B C:\work\cstservices\setup_web\images\topbar_1_01_01.gif <-- cstservices.com /domains/cstservices.com/public_html/setup_web/images topbar_1_01_01.gif
108.01.11 23:16 B C:\work\cstservices\setup_web\images\topbar_1_02.gif <-- cstservices.com /domains/cstservices.com/public_html/setup_web/images topbar_1_02.gif
108.01.11 23:16 B C:\work\cstservices\setup_web\images\topbar_1_03.gif <-- cstservices.com /domains/cstservices.com/public_html/setup_web/images topbar_1_03.gif
108.01.11 23:16 B C:\work\cstservices\setup_web\images\topbar_1_04.gif <-- cstservices.com /domains/cstservices.com/public_html/setup_web/images topbar_1_04.gif
108.01.11 23:16 B C:\work\cstservices\setup_web\images\topbar_1_04_01.gif <-- cstservices.com /domains/cstservices.com/public_html/setup_web/images topbar_1_04_01.gif
108.01.11 23:16 B C:\work\cstservices\setup_web\images\up.gif <-- cstservices.com /domains/cstservices.com/public_html/setup_web/images up.gif
