107.11.04 15:10 B C:\work\phukethandmade\backend\addbook.php <-- phukethandmade.com /domains/phukethandmade.com/public_html/backend addbook.php
107.11.04 15:11 B C:\work\phukethandmade\backend\managebook.php <-- phukethandmade.com /domains/phukethandmade.com/public_html/backend managebook.php
107.11.04 15:17 B C:\work\phukethandmade\backend\addbook.php --> www.phukethandmade.com /domains/phukethandmade.com/public_html/backend addbook.php
107.11.04 15:24 B C:\work\phukethandmade\backend\managebookshow.php --> www.phukethandmade.com /domains/phukethandmade.com/public_html/backend managebookshow.php
107.11.04 15:24 B C:\work\phukethandmade\backend\menu.php <-- phukethandmade.com /domains/phukethandmade.com/public_html/backend menu.php
107.11.04 15:25 B C:\work\phukethandmade\backend\managebookshow.php --> www.phukethandmade.com /domains/phukethandmade.com/public_html/backend managebookshow.php
107.11.04 15:26 B C:\work\phukethandmade\backend\menu.php --> www.phukethandmade.com /domains/phukethandmade.com/public_html/backend menu.php
107.11.04 15:27 B C:\work\phukethandmade\backend\managebookshow.php --> www.phukethandmade.com /domains/phukethandmade.com/public_html/backend managebookshow.php
107.11.06 19:15 B C:\work\phukethandmade\backend\addgroup.php <-- phukethandmade.com /domains/phukethandmade.com/public_html/backend addgroup.php
107.11.06 19:19 B C:\work\phukethandmade\backend\addgroup.php --> www.phukethandmade.com /domains/phukethandmade.com/public_html/backend addgroup.php
107.11.06 19:21 B C:\work\phukethandmade\backend\addgroup.php --> www.phukethandmade.com /domains/phukethandmade.com/public_html/backend addgroup.php
107.11.07 21:00 B C:\work\phukethandmade\backend\managebook.php <-- phukethandmade.com /domains/phukethandmade.com/public_html/backend managebook.php
107.11.07 21:01 B C:\work\phukethandmade\backend\managebook.php --> www.phukethandmade.com /domains/phukethandmade.com/public_html/backend managebook.php
107.11.07 21:04 B C:\work\phukethandmade\backend\managebook.php --> www.phukethandmade.com /domains/phukethandmade.com/public_html/backend managebook.php
107.11.07 21:06 B C:\work\phukethandmade\backend\managebook.php --> www.phukethandmade.com /domains/phukethandmade.com/public_html/backend managebook.php
107.11.07 21:08 B C:\work\phukethandmade\backend\managebook.php --> www.phukethandmade.com /domains/phukethandmade.com/public_html/backend managebook.php
107.11.07 21:09 B C:\work\phukethandmade\backend\managebookshow.php <-- phukethandmade.com /domains/phukethandmade.com/public_html/backend managebookshow.php
107.11.07 21:11 B C:\work\phukethandmade\backend\managebookshow.php --> www.phukethandmade.com /domains/phukethandmade.com/public_html/backend managebookshow.php
107.11.08 19:46 B C:\work\phukethandmade\backend\addbook.php <-- phukethandmade.com /domains/phukethandmade.com/public_html/backend addbook.php
107.11.08 19:49 B C:\work\phukethandmade\backend\addbook.php --> www.phukethandmade.com /domains/phukethandmade.com/public_html/backend addbook.php
107.11.08 19:53 B C:\work\phukethandmade\backend\addbook.php --> www.phukethandmade.com /domains/phukethandmade.com/public_html/backend addbook.php
107.11.08 19:55 B C:\work\phukethandmade\backend\addbook.php --> www.phukethandmade.com /domains/phukethandmade.com/public_html/backend addbook.php
107.11.08 19:59 B C:\work\phukethandmade\backend\addbook.php --> www.phukethandmade.com /domains/phukethandmade.com/public_html/backend addbook.php
107.11.08 20:17 B C:\work\phukethandmade\backend\addbook.php --> www.phukethandmade.com /domains/phukethandmade.com/public_html/backend addbook.php
107.11.11 09:20 B C:\work\phukethandmade\backend\menu.php <-- phukethandmade.com /domains/phukethandmade.com/public_html/backend menu.php
107.11.11 10:00 B C:\work\phukethandmade\backend\menu.php --> www.phukethandmade.com /domains/phukethandmade.com/public_html/backend menu.php
107.11.11 10:05 B C:\work\phukethandmade\backend\menu.php --> www.phukethandmade.com /domains/phukethandmade.com/public_html/backend menu.php
107.11.11 10:06 B C:\work\phukethandmade\backend\addletter.php <-- phukethandmade.com /domains/phukethandmade.com/public_html/backend addletter.php
107.11.11 10:09 B C:\work\phukethandmade\backend\addletter.php --> www.phukethandmade.com /domains/phukethandmade.com/public_html/backend addletter.php
107.11.11 10:09 B C:\work\phukethandmade\backend\manageletter.php <-- phukethandmade.com /domains/phukethandmade.com/public_html/backend manageletter.php
107.11.11 10:10 B C:\work\phukethandmade\backend\manageletter.php --> www.phukethandmade.com /domains/phukethandmade.com/public_html/backend manageletter.php
107.11.11 10:13 B C:\work\phukethandmade\backend\manageletter.php --> www.phukethandmade.com /domains/phukethandmade.com/public_html/backend manageletter.php
107.11.11 10:13 B C:\work\phukethandmade\backend\memletter.php --> www.phukethandmade.com /domains/phukethandmade.com/public_html/backend memletter.php
107.11.11 10:15 B C:\work\phukethandmade\backend\memletter.php --> www.phukethandmade.com /domains/phukethandmade.com/public_html/backend memletter.php
107.11.11 10:15 B C:\work\phukethandmade\backend\allmemberletter.php --> www.phukethandmade.com /domains/phukethandmade.com/public_html/backend allmemberletter.php
107.11.11 10:21 B C:\work\phukethandmade\backend\allmemberletter.php --> www.phukethandmade.com /domains/phukethandmade.com/public_html/backend allmemberletter.php
107.11.11 10:21 B C:\work\phukethandmade\backend\allmemberletter.php --> www.phukethandmade.com /domains/phukethandmade.com/public_html/backend allmemberletter.php
107.11.11 10:22 B C:\work\phukethandmade\backend\allmemberletter.php --> www.phukethandmade.com /domains/phukethandmade.com/public_html/backend allmemberletter.php
107.11.11 10:27 B C:\work\phukethandmade\backend\allmemberletter.php --> www.phukethandmade.com /domains/phukethandmade.com/public_html/backend allmemberletter.php
107.11.11 10:28 B C:\work\phukethandmade\backend\allmemberletter.php --> www.phukethandmade.com /domains/phukethandmade.com/public_html/backend allmemberletter.php
107.11.11 10:39 B C:\work\phukethandmade\backend\allmemberletter.php --> www.phukethandmade.com /domains/phukethandmade.com/public_html/backend allmemberletter.php
107.11.11 10:41 B C:\work\phukethandmade\backend\allmemberletter.php --> www.phukethandmade.com /domains/phukethandmade.com/public_html/backend allmemberletter.php
107.11.11 13:22 B C:\work\phukethandmade\backend\manageletter.php --> www.phukethandmade.com /domains/phukethandmade.com/public_html/backend manageletter.php
107.11.11 13:23 B C:\work\phukethandmade\backend\memletter.php --> www.phukethandmade.com /domains/phukethandmade.com/public_html/backend memletter.php
107.11.11 13:24 B C:\work\phukethandmade\backend\menu.php --> www.phukethandmade.com /domains/phukethandmade.com/public_html/backend menu.php
107.11.16 22:05 B C:\work\clinic\backend\addbook.php --> ftp.clinicalresearchcollaboration.org /domains/clinicalresearchcollaboration.org/public_html/backend addbook.php
107.11.16 22:05 B C:\work\clinic\backend\addbook.php.bak --> ftp.clinicalresearchcollaboration.org /domains/clinicalresearchcollaboration.org/public_html/backend addbook.php.bak
107.11.16 22:05 B C:\work\clinic\backend\addfile.php --> ftp.clinicalresearchcollaboration.org /domains/clinicalresearchcollaboration.org/public_html/backend addfile.php
107.11.16 22:05 B C:\work\clinic\backend\addfq.php --> ftp.clinicalresearchcollaboration.org /domains/clinicalresearchcollaboration.org/public_html/backend addfq.php
107.11.16 22:05 B C:\work\clinic\backend\addgroup.php --> ftp.clinicalresearchcollaboration.org /domains/clinicalresearchcollaboration.org/public_html/backend addgroup.php
107.11.16 22:05 B C:\work\clinic\backend\addgroup.php.bak --> ftp.clinicalresearchcollaboration.org /domains/clinicalresearchcollaboration.org/public_html/backend addgroup.php.bak
107.11.16 22:05 B C:\work\clinic\backend\addletter.php --> ftp.clinicalresearchcollaboration.org /domains/clinicalresearchcollaboration.org/public_html/backend addletter.php
107.11.16 22:05 B C:\work\clinic\backend\addletter.php.bak --> ftp.clinicalresearchcollaboration.org /domains/clinicalresearchcollaboration.org/public_html/backend addletter.php.bak
107.11.16 22:05 B C:\work\clinic\backend\addnews.php --> ftp.clinicalresearchcollaboration.org /domains/clinicalresearchcollaboration.org/public_html/backend addnews.php
107.11.16 22:05 B C:\work\clinic\backend\addpartner.php --> ftp.clinicalresearchcollaboration.org /domains/clinicalresearchcollaboration.org/public_html/backend addpartner.php
107.11.16 22:05 B C:\work\clinic\backend\addpromotion.php --> ftp.clinicalresearchcollaboration.org /domains/clinicalresearchcollaboration.org/public_html/backend addpromotion.php
107.11.16 22:05 B C:\work\clinic\backend\addstaff.php --> ftp.clinicalresearchcollaboration.org /domains/clinicalresearchcollaboration.org/public_html/backend addstaff.php
107.11.16 22:05 B C:\work\clinic\backend\addtalk.php --> ftp.clinicalresearchcollaboration.org /domains/clinicalresearchcollaboration.org/public_html/backend addtalk.php
107.11.16 22:05 B C:\work\clinic\backend\allmemberletter.php --> ftp.clinicalresearchcollaboration.org /domains/clinicalresearchcollaboration.org/public_html/backend allmemberletter.php
107.11.16 22:05 B C:\work\clinic\backend\allmemberletter.php.bak --> ftp.clinicalresearchcollaboration.org /domains/clinicalresearchcollaboration.org/public_html/backend allmemberletter.php.bak
107.11.16 22:05 B C:\work\clinic\backend\chklogin.php --> ftp.clinicalresearchcollaboration.org /domains/clinicalresearchcollaboration.org/public_html/backend chklogin.php
107.11.16 22:05 B C:\work\clinic\backend\chklogin.php.bak --> ftp.clinicalresearchcollaboration.org /domains/clinicalresearchcollaboration.org/public_html/backend chklogin.php.bak
107.11.16 22:06 B C:\work\clinic\backend\css.css --> ftp.clinicalresearchcollaboration.org /domains/clinicalresearchcollaboration.org/public_html/backend css.css
107.11.16 22:06 B C:\work\clinic\backend\css.css.bak --> ftp.clinicalresearchcollaboration.org /domains/clinicalresearchcollaboration.org/public_html/backend css.css.bak
107.11.16 22:06 B C:\work\clinic\backend\DBEngine_onhost.php --> ftp.clinicalresearchcollaboration.org /domains/clinicalresearchcollaboration.org/public_html/backend DBEngine_onhost.php
107.11.16 22:06 B C:\work\clinic\backend\emaillist.php --> ftp.clinicalresearchcollaboration.org /domains/clinicalresearchcollaboration.org/public_html/backend emaillist.php
107.11.16 22:06 B C:\work\clinic\backend\faq.php --> ftp.clinicalresearchcollaboration.org /domains/clinicalresearchcollaboration.org/public_html/backend faq.php
107.11.16 22:06 B C:\work\clinic\backend\head.php --> ftp.clinicalresearchcollaboration.org /domains/clinicalresearchcollaboration.org/public_html/backend head.php
107.11.16 22:06 B C:\work\clinic\backend\index.php --> ftp.clinicalresearchcollaboration.org /domains/clinicalresearchcollaboration.org/public_html/backend index.php
107.11.16 22:06 B C:\work\clinic\backend\index.php.bak --> ftp.clinicalresearchcollaboration.org /domains/clinicalresearchcollaboration.org/public_html/backend index.php.bak
107.11.16 22:06 B C:\work\clinic\backend\informdetails.php --> ftp.clinicalresearchcollaboration.org /domains/clinicalresearchcollaboration.org/public_html/backend informdetails.php
107.11.16 22:06 B C:\work\clinic\backend\informlist.php --> ftp.clinicalresearchcollaboration.org /domains/clinicalresearchcollaboration.org/public_html/backend informlist.php
107.11.16 22:06 B C:\work\clinic\backend\leftmenu.js --> ftp.clinicalresearchcollaboration.org /domains/clinicalresearchcollaboration.org/public_html/backend leftmenu.js
107.11.16 22:06 B C:\work\clinic\backend\loggedin.inc.php --> ftp.clinicalresearchcollaboration.org /domains/clinicalresearchcollaboration.org/public_html/backend loggedin.inc.php
107.11.16 22:06 B C:\work\clinic\backend\logout.php --> ftp.clinicalresearchcollaboration.org /domains/clinicalresearchcollaboration.org/public_html/backend logout.php
107.11.16 22:06 B C:\work\clinic\backend\logout.php.bak --> ftp.clinicalresearchcollaboration.org /domains/clinicalresearchcollaboration.org/public_html/backend logout.php.bak
107.11.16 22:06 B C:\work\clinic\backend\main.php --> ftp.clinicalresearchcollaboration.org /domains/clinicalresearchcollaboration.org/public_html/backend main.php
107.11.16 22:06 B C:\work\clinic\backend\mainpd.php --> ftp.clinicalresearchcollaboration.org /domains/clinicalresearchcollaboration.org/public_html/backend mainpd.php
107.11.16 22:06 B C:\work\clinic\backend\managebook.php --> ftp.clinicalresearchcollaboration.org /domains/clinicalresearchcollaboration.org/public_html/backend managebook.php
107.11.16 22:06 B C:\work\clinic\backend\managebook.php.bak --> ftp.clinicalresearchcollaboration.org /domains/clinicalresearchcollaboration.org/public_html/backend managebook.php.bak
107.11.16 22:06 B C:\work\clinic\backend\managebookshow.php --> ftp.clinicalresearchcollaboration.org /domains/clinicalresearchcollaboration.org/public_html/backend managebookshow.php
107.11.16 22:06 B C:\work\clinic\backend\managebookshow.php.bak --> ftp.clinicalresearchcollaboration.org /domains/clinicalresearchcollaboration.org/public_html/backend managebookshow.php.bak
107.11.16 22:06 B C:\work\clinic\backend\managefile.php --> ftp.clinicalresearchcollaboration.org /domains/clinicalresearchcollaboration.org/public_html/backend managefile.php
107.11.16 22:06 B C:\work\clinic\backend\managefq.php --> ftp.clinicalresearchcollaboration.org /domains/clinicalresearchcollaboration.org/public_html/backend managefq.php
107.11.16 22:06 B C:\work\clinic\backend\managegroup.php --> ftp.clinicalresearchcollaboration.org /domains/clinicalresearchcollaboration.org/public_html/backend managegroup.php
107.11.16 22:06 B C:\work\clinic\backend\manageletter.php --> ftp.clinicalresearchcollaboration.org /domains/clinicalresearchcollaboration.org/public_html/backend manageletter.php
107.11.16 22:06 B C:\work\clinic\backend\manageletter.php.bak --> ftp.clinicalresearchcollaboration.org /domains/clinicalresearchcollaboration.org/public_html/backend manageletter.php.bak
107.11.16 22:06 B C:\work\clinic\backend\managemember.php --> ftp.clinicalresearchcollaboration.org /domains/clinicalresearchcollaboration.org/public_html/backend managemember.php
107.11.16 22:06 B C:\work\clinic\backend\managenews.php --> ftp.clinicalresearchcollaboration.org /domains/clinicalresearchcollaboration.org/public_html/backend managenews.php
107.11.16 22:06 B C:\work\clinic\backend\manageorder.php --> ftp.clinicalresearchcollaboration.org /domains/clinicalresearchcollaboration.org/public_html/backend manageorder.php
107.11.16 22:06 B C:\work\clinic\backend\managepartner.php --> ftp.clinicalresearchcollaboration.org /domains/clinicalresearchcollaboration.org/public_html/backend managepartner.php
107.11.16 22:06 B C:\work\clinic\backend\managepromotion.php --> ftp.clinicalresearchcollaboration.org /domains/clinicalresearchcollaboration.org/public_html/backend managepromotion.php
107.11.16 22:06 B C:\work\clinic\backend\managesend.php --> ftp.clinicalresearchcollaboration.org /domains/clinicalresearchcollaboration.org/public_html/backend managesend.php
107.11.16 22:06 B C:\work\clinic\backend\managetransfer.php --> ftp.clinicalresearchcollaboration.org /domains/clinicalresearchcollaboration.org/public_html/backend managetransfer.php
107.11.16 22:06 B C:\work\clinic\backend\memdetails.php --> ftp.clinicalresearchcollaboration.org /domains/clinicalresearchcollaboration.org/public_html/backend memdetails.php
107.11.16 22:06 B C:\work\clinic\backend\memletter.php --> ftp.clinicalresearchcollaboration.org /domains/clinicalresearchcollaboration.org/public_html/backend memletter.php
107.11.16 22:06 B C:\work\clinic\backend\memletter.php.bak --> ftp.clinicalresearchcollaboration.org /domains/clinicalresearchcollaboration.org/public_html/backend memletter.php.bak
107.11.16 22:06 B C:\work\clinic\backend\menu.php --> ftp.clinicalresearchcollaboration.org /domains/clinicalresearchcollaboration.org/public_html/backend menu.php
107.11.16 22:06 B C:\work\clinic\backend\menu.php.bak --> ftp.clinicalresearchcollaboration.org /domains/clinicalresearchcollaboration.org/public_html/backend menu.php.bak
107.11.16 22:06 B C:\work\clinic\backend\orderdetails.php --> ftp.clinicalresearchcollaboration.org /domains/clinicalresearchcollaboration.org/public_html/backend orderdetails.php
107.11.16 22:06 B C:\work\clinic\backend\orderdetailstran.php --> ftp.clinicalresearchcollaboration.org /domains/clinicalresearchcollaboration.org/public_html/backend orderdetailstran.php
107.11.16 22:06 B C:\work\clinic\backend\savestaff.php --> ftp.clinicalresearchcollaboration.org /domains/clinicalresearchcollaboration.org/public_html/backend savestaff.php
107.11.16 22:06 B C:\work\clinic\backend\setbook.php --> ftp.clinicalresearchcollaboration.org /domains/clinicalresearchcollaboration.org/public_html/backend setbook.php
107.11.16 22:06 B C:\work\clinic\backend\stafflist.php --> ftp.clinicalresearchcollaboration.org /domains/clinicalresearchcollaboration.org/public_html/backend stafflist.php
